<?xml version="1.0" encoding="UTF-8"?>
<!-- Generated by org.testng.reporters.JUnitReportReporter -->
<testsuite hostname="WINFxDcFLi3H8TA" failures="0" tests="1" name="testcase.Testng" time="0.006" errors="0" timestamp="2024-02-15T20:50:53 IST" skipped="0">
  <testcase classname="testcase.Testng" name="login" time="0.006"/>
</testsuite> <!-- testcase.Testng -->
