<?xml version="1.0" encoding="UTF-8"?>
<!-- Generated by org.testng.reporters.JUnitReportReporter -->
<testsuite hostname="WINFxDcFLi3H8TA" failures="0" tests="1" name="testcase.Playback" time="96.294" errors="0" timestamp="2023-11-25T17:15:28 IST" skipped="0">
  <testcase classname="testcase.Playback" name="launch" time="96.294"/>
</testsuite> <!-- testcase.Playback -->
