<?xml version="1.0" encoding="UTF-8"?>
<!-- Generated by org.testng.reporters.JUnitReportReporter -->
<testsuite hostname="WINFxDcFLi3H8TA" failures="0" tests="1" name="testcase.Demo" time="20.147" errors="0" timestamp="2023-11-25T14:45:08 IST" skipped="0">
  <testcase classname="testcase.Demo" name="launch" time="20.147"/>
</testsuite> <!-- testcase.Demo -->
