<?xml version="1.0" encoding="UTF-8"?>
<!-- Generated by org.testng.reporters.JUnitReportReporter -->
<testsuite hostname="WINFxDcFLi3H8TA" failures="0" tests="1" name="testcase.Article" time="44.845" errors="0" timestamp="2023-11-25T17:04:57 IST" skipped="0">
  <testcase classname="testcase.Article" name="launch" time="44.845"/>
</testsuite> <!-- testcase.Article -->
